#
# There is insufficient memory for the Java Runtime Environment to continue.
# Native memory allocation (malloc) failed to allocate 1048576 bytes. Error detail: AllocateHeap
# Possible reasons:
#   The system is out of physical RAM or swap space
#   This process is running with CompressedOops enabled, and the Java Heap may be blocking the growth of the native heap
# Possible solutions:
#   Reduce memory load on the system
#   Increase physical memory or swap space
#   Check if swap backing store is full
#   Decrease Java heap size (-Xmx/-Xms)
#   Decrease number of Java threads
#   Decrease Java thread stack sizes (-Xss)
#   Set larger code cache with -XX:ReservedCodeCacheSize=
#   JVM is running with Unscaled Compressed Oops mode in which the Java heap is
#     placed in the first 4GB address space. The Java Heap base address is the
#     maximum limit for the native heap growth. Please use -XX:HeapBaseMinAddress
#     to set the Java Heap base and to place the Java Heap above 4GB virtual address.
# This output file may be truncated or incomplete.
#
#  Out of Memory Error (allocation.cpp:44), pid=14484, tid=16144
#
# JRE version: OpenJDK Runtime Environment Temurin-21.0.8+9 (21.0.8+9) (build 21.0.8+9-LTS)
# Java VM: OpenJDK 64-Bit Server VM Temurin-21.0.8+9 (21.0.8+9-LTS, mixed mode, sharing, tiered, compressed oops, compressed class ptrs, parallel gc, windows-amd64)
# No core dump will be written. Minidumps are not enabled by default on client versions of Windows
#

---------------  S U M M A R Y ------------

Command Line: --add-modules=ALL-SYSTEM --add-opens=java.base/java.util=ALL-UNNAMED --add-opens=java.base/java.lang=ALL-UNNAMED --add-opens=java.base/sun.nio.fs=ALL-UNNAMED -Declipse.application=org.eclipse.jdt.ls.core.id1 -Dosgi.bundles.defaultStartLevel=4 -Declipse.product=org.eclipse.jdt.ls.core.product -Djava.import.generatesMetadataFilesAtProjectRoot=false -DDetectVMInstallationsJob.disabled=true -Dfile.encoding=utf8 -XX:+UseParallelGC -XX:GCTimeRatio=4 -XX:AdaptiveSizePolicyWeight=90 -Dsun.zip.disableMemoryMapping=true -Xmx2G -Xms100m -Xlog:disable -javaagent:c:\Users\Student\.vscode\extensions\redhat.java-1.44.0-win32-x64\lombok\lombok-1.18.39-4050.jar -XX:+HeapDumpOnOutOfMemoryError -XX:HeapDumpPath=c:\Users\Student\AppData\Roaming\Code\User\workspaceStorage\1b2a49a7e5aaf611a4568c2a72761851\redhat.java -Daether.dependencyCollector.impl=bf c:\Users\Student\.vscode\extensions\redhat.java-1.44.0-win32-x64\server\plugins\org.eclipse.equinox.launcher_1.7.0.v20250519-0528.jar -configuration c:\Users\Student\AppData\Roaming\Code\User\globalStorage\redhat.java\1.44.0\config_win -data c:\Users\Student\AppData\Roaming\Code\User\workspaceStorage\1b2a49a7e5aaf611a4568c2a72761851\redhat.java\jdt_ws --pipe=\\.\pipe\lsp-f7d73e993600b9aca3074a139c87e639-sock

Host: 12th Gen Intel(R) Core(TM) i7-12700, 20 cores, 15G,  Windows 11 , 64 bit Build 26100 (10.0.26100.4768)
Time: Fri Aug 22 10:39:34 2025 elapsed time: 246476.438072 seconds (2d 20h 27m 56s)

---------------  T H R E A D  ---------------

Current thread (0x00000288723e6be0):  JavaThread "Attach Listener" daemon [_thread_in_vm, id=16144, stack(0x000000b586800000,0x000000b586900000) (1024K)]

Stack: [0x000000b586800000,0x000000b586900000]
Native frames: (J=compiled Java code, j=interpreted, Vv=VM code, C=native code)
V  [jvm.dll+0x6d2449]
V  [jvm.dll+0x8ae341]
V  [jvm.dll+0x8b08be]
V  [jvm.dll+0x8b0fa3]
V  [jvm.dll+0x280c96]
V  [jvm.dll+0xc0347]
V  [jvm.dll+0x6d2cf9]
V  [jvm.dll+0x131116]
V  [jvm.dll+0x3f2d16]
V  [jvm.dll+0x857e6b]
V  [jvm.dll+0x6d0b0d]
C  [ucrtbase.dll+0x37b0]
C  [KERNEL32.DLL+0x2e8d7]
C  [ntdll.dll+0x3c34c]


---------------  P R O C E S S  ---------------

Threads class SMR info:
_java_thread_list=0x000002887cdc7b60, length=50, elements={
0x00000288193b9f50, 0x00000288723e0020, 0x00000288723e1a50, 0x00000288723e5a80,
0x00000288723e6be0, 0x00000288723f09e0, 0x00000288723f1070, 0x0000028872401170,
0x0000028872402e00, 0x00000288723efcc0, 0x00000288723f1700, 0x00000288723f1d90,
0x00000288723ee910, 0x00000288723ef630, 0x00000288723f0350, 0x0000028879ac3460,
0x0000028879ac3af0, 0x0000028879ac4180, 0x0000028879ac0d00, 0x0000028879ac4810,
0x0000028879ac1a20, 0x0000028879ac68e0, 0x0000028879ac5bc0, 0x0000028879ac6250,
0x0000028879ac5530, 0x0000028879ac6f70, 0x0000028879ac7600, 0x0000028879ac7c90,
0x000002887cecf0e0, 0x000002887cecd010, 0x000002887cecfe00, 0x000002887cecd6a0,
0x000002887ced0490, 0x000002887cecdd30, 0x000002887ced0b20, 0x000002887ced11b0,
0x000002887ced1840, 0x000002887cecf770, 0x000002887cece3c0, 0x000002887ced1ed0,
0x000002887cecea50, 0x000002887ced4630, 0x000002887ced2bf0, 0x000002887ced3910,
0x000002880876b7f0, 0x000002880876a440, 0x000002880876b160, 0x0000028808768370,
0x0000028879ddfed0, 0x0000028879de0bf0
}

Java Threads: ( => current thread )
  0x00000288193b9f50 JavaThread "main"                              [_thread_blocked, id=11324, stack(0x000000b586100000,0x000000b586200000) (1024K)]
  0x00000288723e0020 JavaThread "Reference Handler"          daemon [_thread_blocked, id=9752, stack(0x000000b586500000,0x000000b586600000) (1024K)]
  0x00000288723e1a50 JavaThread "Finalizer"                  daemon [_thread_blocked, id=3064, stack(0x000000b586600000,0x000000b586700000) (1024K)]
  0x00000288723e5a80 JavaThread "Signal Dispatcher"          daemon [_thread_blocked, id=18288, stack(0x000000b586700000,0x000000b586800000) (1024K)]
=>0x00000288723e6be0 JavaThread "Attach Listener"            daemon [_thread_in_vm, id=16144, stack(0x000000b586800000,0x000000b586900000) (1024K)]
  0x00000288723f09e0 JavaThread "Service Thread"             daemon [_thread_blocked, id=14376, stack(0x000000b586900000,0x000000b586a00000) (1024K)]
  0x00000288723f1070 JavaThread "Monitor Deflation Thread"   daemon [_thread_blocked, id=6684, stack(0x000000b586a00000,0x000000b586b00000) (1024K)]
  0x0000028872401170 JavaThread "C2 CompilerThread0"         daemon [_thread_blocked, id=2860, stack(0x000000b586b00000,0x000000b586c00000) (1024K)]
  0x0000028872402e00 JavaThread "C1 CompilerThread0"         daemon [_thread_blocked, id=7592, stack(0x000000b586c00000,0x000000b586d00000) (1024K)]
  0x00000288723efcc0 JavaThread "Common-Cleaner"             daemon [_thread_blocked, id=18344, stack(0x000000b586d00000,0x000000b586e00000) (1024K)]
  0x00000288723f1700 JavaThread "Notification Thread"        daemon [_thread_blocked, id=988, stack(0x000000b587300000,0x000000b587400000) (1024K)]
  0x00000288723f1d90 JavaThread "Active Thread: Equinox Container: 49ca0b5e-593d-4a80-a00a-e63e9c32208c"        [_thread_blocked, id=19768, stack(0x000000b587b00000,0x000000b587c00000) (1024K)]
  0x00000288723ee910 JavaThread "Refresh Thread: Equinox Container: 49ca0b5e-593d-4a80-a00a-e63e9c32208c" daemon [_thread_blocked, id=12500, stack(0x000000b587200000,0x000000b587300000) (1024K)]
  0x00000288723ef630 JavaThread "Framework Event Dispatcher: Equinox Container: 49ca0b5e-593d-4a80-a00a-e63e9c32208c" daemon [_thread_blocked, id=12552, stack(0x000000b587a00000,0x000000b587b00000) (1024K)]
  0x00000288723f0350 JavaThread "Start Level: Equinox Container: 49ca0b5e-593d-4a80-a00a-e63e9c32208c" daemon [_thread_blocked, id=12432, stack(0x000000b587d00000,0x000000b587e00000) (1024K)]
  0x0000028879ac3460 JavaThread "Bundle File Closer"         daemon [_thread_blocked, id=12396, stack(0x000000b588300000,0x000000b588400000) (1024K)]
  0x0000028879ac3af0 JavaThread "SCR Component Actor"        daemon [_thread_blocked, id=8540, stack(0x000000b587100000,0x000000b587200000) (1024K)]
  0x0000028879ac4180 JavaThread "Worker-JM"                         [_thread_blocked, id=11524, stack(0x000000b588500000,0x000000b588600000) (1024K)]
  0x0000028879ac0d00 JavaThread "JNA Cleaner"                daemon [_thread_blocked, id=13020, stack(0x000000b588900000,0x000000b588a00000) (1024K)]
  0x0000028879ac4810 JavaThread "Java indexing"              daemon [_thread_blocked, id=12988, stack(0x000000b588e00000,0x000000b588f00000) (1024K)]
  0x0000028879ac1a20 JavaThread "Thread-2"                   daemon [_thread_in_native, id=14704, stack(0x000000b589400000,0x000000b589500000) (1024K)]
  0x0000028879ac68e0 JavaThread "Thread-3"                   daemon [_thread_in_native, id=8268, stack(0x000000b589500000,0x000000b589600000) (1024K)]
  0x0000028879ac5bc0 JavaThread "Thread-4"                   daemon [_thread_in_native, id=13372, stack(0x000000b589600000,0x000000b589700000) (1024K)]
  0x0000028879ac6250 JavaThread "Thread-5"                   daemon [_thread_in_native, id=6640, stack(0x000000b589700000,0x000000b589800000) (1024K)]
  0x0000028879ac5530 JavaThread "Thread-6"                   daemon [_thread_in_native, id=22328, stack(0x000000b589800000,0x000000b589900000) (1024K)]
  0x0000028879ac6f70 JavaThread "Thread-7"                   daemon [_thread_in_native, id=20980, stack(0x000000b589900000,0x000000b589a00000) (1024K)]
  0x0000028879ac7600 JavaThread "Thread-8"                   daemon [_thread_in_native, id=20700, stack(0x000000b589a00000,0x000000b589b00000) (1024K)]
  0x0000028879ac7c90 JavaThread "Thread-9"                   daemon [_thread_in_native, id=22296, stack(0x000000b589b00000,0x000000b589c00000) (1024K)]
  0x000002887cecf0e0 JavaThread "Thread-10"                  daemon [_thread_in_native, id=19952, stack(0x000000b589c00000,0x000000b589d00000) (1024K)]
  0x000002887cecd010 JavaThread "Thread-11"                  daemon [_thread_in_native, id=20800, stack(0x000000b589d00000,0x000000b589e00000) (1024K)]
  0x000002887cecfe00 JavaThread "Thread-12"                  daemon [_thread_in_native, id=18196, stack(0x000000b589e00000,0x000000b589f00000) (1024K)]
  0x000002887cecd6a0 JavaThread "Thread-13"                  daemon [_thread_in_native, id=5964, stack(0x000000b589f00000,0x000000b58a000000) (1024K)]
  0x000002887ced0490 JavaThread "Thread-14"                  daemon [_thread_in_native, id=18864, stack(0x000000b58a000000,0x000000b58a100000) (1024K)]
  0x000002887cecdd30 JavaThread "Thread-15"                  daemon [_thread_in_native, id=23008, stack(0x000000b58a100000,0x000000b58a200000) (1024K)]
  0x000002887ced0b20 JavaThread "Thread-16"                  daemon [_thread_in_native, id=16172, stack(0x000000b58a200000,0x000000b58a300000) (1024K)]
  0x000002887ced11b0 JavaThread "Thread-17"                  daemon [_thread_in_native, id=22184, stack(0x000000b58a300000,0x000000b58a400000) (1024K)]
  0x000002887ced1840 JavaThread "Thread-18"                  daemon [_thread_in_native, id=4088, stack(0x000000b58a400000,0x000000b58a500000) (1024K)]
  0x000002887cecf770 JavaThread "Thread-19"                  daemon [_thread_in_native, id=17704, stack(0x000000b58a500000,0x000000b58a600000) (1024K)]
  0x000002887cece3c0 JavaThread "Thread-20"                  daemon [_thread_in_native, id=21964, stack(0x000000b58a600000,0x000000b58a700000) (1024K)]
  0x000002887ced1ed0 JavaThread "Thread-21"                  daemon [_thread_in_native, id=12564, stack(0x000000b58a700000,0x000000b58a800000) (1024K)]
  0x000002887cecea50 JavaThread "Thread-22"                  daemon [_thread_in_native, id=12544, stack(0x000000b58a800000,0x000000b58a900000) (1024K)]
  0x000002887ced4630 JavaThread "pool-2-thread-1"                   [_thread_blocked, id=22332, stack(0x000000b58a900000,0x000000b58aa00000) (1024K)]
  0x000002887ced2bf0 JavaThread "WorkspaceEventsHandler"            [_thread_blocked, id=17456, stack(0x000000b58b100000,0x000000b58b200000) (1024K)]
  0x000002887ced3910 JavaThread "pool-1-thread-1"                   [_thread_blocked, id=10020, stack(0x000000b58b200000,0x000000b58b300000) (1024K)]
  0x000002880876b7f0 JavaThread "Cleaner-0"                  daemon [_thread_blocked, id=2004, stack(0x000000b587000000,0x000000b587100000) (1024K)]
  0x000002880876a440 JavaThread "Java Debug Server"          daemon [_thread_in_native, id=15664, stack(0x000000b585e00000,0x000000b585f00000) (1024K)]
  0x000002880876b160 JavaThread "RxSchedulerPurge-1"         daemon [_thread_blocked, id=9280, stack(0x000000b586e00000,0x000000b586f00000) (1024K)]
  0x0000028808768370 JavaThread "RxCachedWorkerPoolEvictor-1" daemon [_thread_blocked, id=15008, stack(0x000000b586f00000,0x000000b587000000) (1024K)]
  0x0000028879ddfed0 JavaThread "Worker-102"                        [_thread_blocked, id=26556, stack(0x000000b586000000,0x000000b586100000) (1024K)]
  0x0000028879de0bf0 JavaThread "Worker-104"                        [_thread_blocked, id=12648, stack(0x000000b585f00000,0x000000b586000000) (1024K)]
Total: 50

Other Threads:
  0x0000028819354920 VMThread "VM Thread"                           [id=21340, stack(0x000000b586400000,0x000000b586500000) (1024K)]
  0x000002881924ca00 WatcherThread "VM Periodic Task Thread"        [id=20768, stack(0x000000b586300000,0x000000b586400000) (1024K)]
  0x00000288193d86d0 WorkerThread "GC Thread#0"                     [id=17392, stack(0x000000b586200000,0x000000b586300000) (1024K)]
  0x00000288791442d0 WorkerThread "GC Thread#1"                     [id=16504, stack(0x000000b587400000,0x000000b587500000) (1024K)]
  0x00000288791456a0 WorkerThread "GC Thread#2"                     [id=14292, stack(0x000000b587500000,0x000000b587600000) (1024K)]
  0x00000288792093c0 WorkerThread "GC Thread#3"                     [id=17288, stack(0x000000b587600000,0x000000b587700000) (1024K)]
  0x0000028879209760 WorkerThread "GC Thread#4"                     [id=7056, stack(0x000000b587700000,0x000000b587800000) (1024K)]
  0x0000028879209f00 WorkerThread "GC Thread#5"                     [id=14000, stack(0x000000b587800000,0x000000b587900000) (1024K)]
  0x000002887920a2a0 WorkerThread "GC Thread#6"                     [id=6868, stack(0x000000b587900000,0x000000b587a00000) (1024K)]
  0x0000028874822470 WorkerThread "GC Thread#7"                     [id=524, stack(0x000000b587c00000,0x000000b587d00000) (1024K)]
  0x000002887968eb60 WorkerThread "GC Thread#8"                     [id=12556, stack(0x000000b588000000,0x000000b588100000) (1024K)]
  0x00000288793b5970 WorkerThread "GC Thread#9"                     [id=12376, stack(0x000000b588100000,0x000000b588200000) (1024K)]
  0x00000288796af060 WorkerThread "GC Thread#10"                    [id=12436, stack(0x000000b588200000,0x000000b588300000) (1024K)]
  0x0000028879739ee0 WorkerThread "GC Thread#11"                    [id=12976, stack(0x000000b587f00000,0x000000b588000000) (1024K)]
  0x000002887973a620 WorkerThread "GC Thread#12"                    [id=11376, stack(0x000000b588600000,0x000000b588700000) (1024K)]
  0x0000028879739060 WorkerThread "GC Thread#13"                    [id=12200, stack(0x000000b588700000,0x000000b588800000) (1024K)]
  0x00000288797397a0 WorkerThread "GC Thread#14"                    [id=12956, stack(0x000000b588800000,0x000000b588900000) (1024K)]
Total: 17

Threads with active compile tasks:
Total: 0

VM state: not at safepoint (normal execution)

VM Mutex/Monitor currently owned by a thread: None

Heap address: 0x0000000080000000, size: 2048 MB, Compressed Oops mode: 32-bit

CDS archive(s) mapped at: [0x0000028830000000-0x0000028830ba0000-0x0000028830ba0000), size 12189696, SharedBaseAddress: 0x0000028830000000, ArchiveRelocationMode: 1.
Compressed class space mapped at: 0x0000028831000000-0x0000028871000000, reserved size: 1073741824
Narrow klass base: 0x0000028830000000, Narrow klass shift: 0, Narrow klass range: 0x100000000

GC Precious Log:
 CardTable entry size: 512
 CPUs: 20 total, 20 available
 Memory: 16147M
 Large Page Support: Disabled
 NUMA Support: Disabled
 Compressed Oops: Enabled (32-bit)
 Alignments: Space 512K, Generation 512K, Heap 2M
 Heap Min Capacity: 100M
 Heap Initial Capacity: 100M
 Heap Max Capacity: 2G
 Pre-touch: Disabled
 Parallel Workers: 15

Heap:
 PSYoungGen      total 4096K, used 2467K [0x00000000d5580000, 0x00000000d5a80000, 0x0000000100000000)
  eden space 3584K, 65% used [0x00000000d5580000,0x00000000d57c8e60,0x00000000d5900000)
  from space 512K, 25% used [0x00000000d5980000,0x00000000d59a0000,0x00000000d5a00000)
  to   space 512K, 0% used [0x00000000d5a00000,0x00000000d5a00000,0x00000000d5a80000)
 ParOldGen       total 505344K, used 505212K [0x0000000080000000, 0x000000009ed80000, 0x00000000d5580000)
  object space 505344K, 99% used [0x0000000080000000,0x000000009ed5f098,0x000000009ed80000)
 Metaspace       used 90643K, committed 92288K, reserved 1179648K
  class space    used 9358K, committed 10112K, reserved 1048576K

Card table byte_map: [0x0000028818d60000,0x0000028819170000] _byte_map_base: 0x0000028818960000

Marking Bits: (ParMarkBitMap*) 0x00007ffd5759a340
 Begin Bits: [0x000002882b860000, 0x000002882d860000)
 End Bits:   [0x000002882d860000, 0x000002882f860000)

Polling page: 0x0000028817550000

Metaspace:

Usage:
  Non-class:     79.38 MB used.
      Class:      9.14 MB used.
       Both:     88.52 MB used.

Virtual space:
  Non-class space:      128.00 MB reserved,      80.25 MB ( 63%) committed,  2 nodes.
      Class space:        1.00 GB reserved,       9.88 MB ( <1%) committed,  1 nodes.
             Both:        1.12 GB reserved,      90.12 MB (  8%) committed. 

Chunk freelists:
   Non-Class:  14.81 MB
       Class:  6.15 MB
        Both:  20.96 MB

MaxMetaspaceSize: unlimited
CompressedClassSpaceSize: 1.00 GB
Initial GC threshold: 21.00 MB
Current GC threshold: 142.94 MB
CDS: on
 - commit_granule_bytes: 65536.
 - commit_granule_words: 8192.
 - virtual_space_node_default_size: 8388608.
 - enlarge_chunks_in_place: 1.
 - use_allocation_guard: 0.


Internal statistics:

num_allocs_failed_limit: 9.
num_arena_births: 1870.
num_arena_deaths: 514.
num_vsnodes_births: 3.
num_vsnodes_deaths: 0.
num_space_committed: 1445.
num_space_uncommitted: 2.
num_chunks_returned_to_freelist: 634.
num_chunks_taken_from_freelist: 6521.
num_chunk_merges: 170.
num_chunk_splits: 3718.
num_chunks_enlarged: 2066.
num_inconsistent_stats: 0.

CodeHeap 'non-profiled nmethods': size=119168Kb used=19276Kb max_used=19276Kb free=99891Kb
 bounds [0x0000028824150000, 0x0000028825430000, 0x000002882b5b0000]
CodeHeap 'profiled nmethods': size=119104Kb used=40260Kb max_used=40260Kb free=78843Kb
 bounds [0x000002881c5b0000, 0x000002881ed10000, 0x0000028823a00000]
CodeHeap 'non-nmethods': size=7488Kb used=1537Kb max_used=3287Kb free=5950Kb
 bounds [0x0000028823a00000, 0x0000028823d40000, 0x0000028824150000]
CodeCache: size=245760Kb, used=61073Kb, max_used=62823Kb, free=184684Kb
 total_blobs=18469, nmethods=17605, adapters=767, full_count=0
Compilation: enabled, stopped_count=0, restarted_count=0

Compilation events (20 events):
Event: 172435.040 Thread 0x0000028872402e00 22337       3       org.eclipse.core.internal.utils.Policy::monitorFor (16 bytes)
Event: 172435.041 Thread 0x0000028872402e00 nmethod 22337 0x000002881ecfe290 code [0x000002881ecfe440, 0x000002881ecfe6b0]
Event: 172435.055 Thread 0x0000028872402e00 22338       3       org.eclipse.jdt.internal.core.builder.BuildNotifier::updateProgressDelta (11 bytes)
Event: 172435.056 Thread 0x0000028872402e00 nmethod 22338 0x000002881ecfe790 code [0x000002881ecfe940, 0x000002881ecfeaa0]
Event: 172435.056 Thread 0x0000028872402e00 22339       3       org.eclipse.core.internal.watson.ElementTree::<init> (34 bytes)
Event: 172435.058 Thread 0x0000028872402e00 nmethod 22339 0x000002881ecfeb90 code [0x000002881ecfed80, 0x000002881ecff228]
Event: 184806.695 Thread 0x0000028872402e00 22340       3       org.eclipse.core.internal.utils.ObjectMap::shareStrings (69 bytes)
Event: 184806.704 Thread 0x0000028872402e00 nmethod 22340 0x000002881ecff410 code [0x000002881ecff620, 0x000002881ecfff40]
Event: 192906.923 Thread 0x0000028872402e00 22341       3       org.eclipse.core.runtime.jobs.MultiRule::combine (52 bytes)
Event: 192906.932 Thread 0x0000028872402e00 nmethod 22341 0x000002881ed00110 code [0x000002881ed002e0, 0x000002881ed00580]
Event: 203707.014 Thread 0x0000028872402e00 22342   !   3       java.util.Collections$SynchronizedMap::size (24 bytes)
Event: 203707.019 Thread 0x0000028872402e00 nmethod 22342 0x000002881ed00690 code [0x000002881ed00840, 0x000002881ed00b08]
Event: 229807.338 Thread 0x0000028872402e00 22343   !   3       org.eclipse.core.internal.utils.StringPoolJob::run (259 bytes)
Event: 229807.385 Thread 0x0000028872402e00 nmethod 22343 0x000002881ed00c90 code [0x000002881ed01040, 0x000002881ed02958]
Event: 229807.385 Thread 0x0000028872402e00 22344       3       org.eclipse.core.internal.utils.StringPoolJob::shareStrings (69 bytes)
Event: 229807.408 Thread 0x0000028872402e00 nmethod 22344 0x000002881ed03310 code [0x000002881ed035e0, 0x000002881ed045c8]
Event: 237424.101 Thread 0x0000028872402e00 22350       1       java.util.logging.Logger::setLogManager (6 bytes)
Event: 237424.103 Thread 0x0000028872402e00 nmethod 22350 0x0000028825422d10 code [0x0000028825422ea0, 0x0000028825422f88]
Event: 237424.103 Thread 0x0000028872402e00 22351       1       java.util.logging.LogManager$LoggerWeakRef::setNode (6 bytes)
Event: 237424.104 Thread 0x0000028872402e00 nmethod 22351 0x0000028825423010 code [0x00000288254231a0, 0x0000028825423280]

GC Heap History (20 events):
Event: 193041.451 GC heap before
{Heap before GC invocations=2880 (full 5):
 PSYoungGen      total 4096K, used 4000K [0x00000000d5580000, 0x00000000d5a80000, 0x0000000100000000)
  eden space 3584K, 100% used [0x00000000d5580000,0x00000000d5900000,0x00000000d5900000)
  from space 512K, 81% used [0x00000000d5980000,0x00000000d59e8000,0x00000000d5a00000)
  to   space 512K, 0% used [0x00000000d5a00000,0x00000000d5a00000,0x00000000d5a80000)
 ParOldGen       total 505344K, used 505148K [0x0000000080000000, 0x000000009ed80000, 0x00000000d5580000)
  object space 505344K, 99% used [0x0000000080000000,0x000000009ed4f098,0x000000009ed80000)
 Metaspace       used 90639K, committed 92288K, reserved 1179648K
  class space    used 9358K, committed 10112K, reserved 1048576K
}
Event: 193041.459 GC heap after
{Heap after GC invocations=2880 (full 5):
 PSYoungGen      total 4096K, used 160K [0x00000000d5580000, 0x00000000d5a80000, 0x0000000100000000)
  eden space 3584K, 0% used [0x00000000d5580000,0x00000000d5580000,0x00000000d5900000)
  from space 512K, 31% used [0x00000000d5a00000,0x00000000d5a28000,0x00000000d5a80000)
  to   space 512K, 0% used [0x00000000d5980000,0x00000000d5980000,0x00000000d5a00000)
 ParOldGen       total 505344K, used 505196K [0x0000000080000000, 0x000000009ed80000, 0x00000000d5580000)
  object space 505344K, 99% used [0x0000000080000000,0x000000009ed5b098,0x000000009ed80000)
 Metaspace       used 90639K, committed 92288K, reserved 1179648K
  class space    used 9358K, committed 10112K, reserved 1048576K
}
Event: 198574.454 GC heap before
{Heap before GC invocations=2881 (full 5):
 PSYoungGen      total 4096K, used 3744K [0x00000000d5580000, 0x00000000d5a80000, 0x0000000100000000)
  eden space 3584K, 100% used [0x00000000d5580000,0x00000000d5900000,0x00000000d5900000)
  from space 512K, 31% used [0x00000000d5a00000,0x00000000d5a28000,0x00000000d5a80000)
  to   space 512K, 0% used [0x00000000d5980000,0x00000000d5980000,0x00000000d5a00000)
 ParOldGen       total 505344K, used 505196K [0x0000000080000000, 0x000000009ed80000, 0x00000000d5580000)
  object space 505344K, 99% used [0x0000000080000000,0x000000009ed5b098,0x000000009ed80000)
 Metaspace       used 90639K, committed 92288K, reserved 1179648K
  class space    used 9358K, committed 10112K, reserved 1048576K
}
Event: 198574.473 GC heap after
{Heap after GC invocations=2881 (full 5):
 PSYoungGen      total 4096K, used 128K [0x00000000d5580000, 0x00000000d5a80000, 0x0000000100000000)
  eden space 3584K, 0% used [0x00000000d5580000,0x00000000d5580000,0x00000000d5900000)
  from space 512K, 25% used [0x00000000d5980000,0x00000000d59a0000,0x00000000d5a00000)
  to   space 512K, 0% used [0x00000000d5a00000,0x00000000d5a00000,0x00000000d5a80000)
 ParOldGen       total 505344K, used 505196K [0x0000000080000000, 0x000000009ed80000, 0x00000000d5580000)
  object space 505344K, 99% used [0x0000000080000000,0x000000009ed5b098,0x000000009ed80000)
 Metaspace       used 90639K, committed 92288K, reserved 1179648K
  class space    used 9358K, committed 10112K, reserved 1048576K
}
Event: 204111.452 GC heap before
{Heap before GC invocations=2882 (full 5):
 PSYoungGen      total 4096K, used 3712K [0x00000000d5580000, 0x00000000d5a80000, 0x0000000100000000)
  eden space 3584K, 100% used [0x00000000d5580000,0x00000000d5900000,0x00000000d5900000)
  from space 512K, 25% used [0x00000000d5980000,0x00000000d59a0000,0x00000000d5a00000)
  to   space 512K, 0% used [0x00000000d5a00000,0x00000000d5a00000,0x00000000d5a80000)
 ParOldGen       total 505344K, used 505196K [0x0000000080000000, 0x000000009ed80000, 0x00000000d5580000)
  object space 505344K, 99% used [0x0000000080000000,0x000000009ed5b098,0x000000009ed80000)
 Metaspace       used 90639K, committed 92288K, reserved 1179648K
  class space    used 9358K, committed 10112K, reserved 1048576K
}
Event: 204111.462 GC heap after
{Heap after GC invocations=2882 (full 5):
 PSYoungGen      total 4096K, used 96K [0x00000000d5580000, 0x00000000d5a80000, 0x0000000100000000)
  eden space 3584K, 0% used [0x00000000d5580000,0x00000000d5580000,0x00000000d5900000)
  from space 512K, 18% used [0x00000000d5a00000,0x00000000d5a18000,0x00000000d5a80000)
  to   space 512K, 0% used [0x00000000d5980000,0x00000000d5980000,0x00000000d5a00000)
 ParOldGen       total 505344K, used 505196K [0x0000000080000000, 0x000000009ed80000, 0x00000000d5580000)
  object space 505344K, 99% used [0x0000000080000000,0x000000009ed5b098,0x000000009ed80000)
 Metaspace       used 90639K, committed 92288K, reserved 1179648K
  class space    used 9358K, committed 10112K, reserved 1048576K
}
Event: 209666.450 GC heap before
{Heap before GC invocations=2883 (full 5):
 PSYoungGen      total 4096K, used 3680K [0x00000000d5580000, 0x00000000d5a80000, 0x0000000100000000)
  eden space 3584K, 100% used [0x00000000d5580000,0x00000000d5900000,0x00000000d5900000)
  from space 512K, 18% used [0x00000000d5a00000,0x00000000d5a18000,0x00000000d5a80000)
  to   space 512K, 0% used [0x00000000d5980000,0x00000000d5980000,0x00000000d5a00000)
 ParOldGen       total 505344K, used 505196K [0x0000000080000000, 0x000000009ed80000, 0x00000000d5580000)
  object space 505344K, 99% used [0x0000000080000000,0x000000009ed5b098,0x000000009ed80000)
 Metaspace       used 90639K, committed 92288K, reserved 1179648K
  class space    used 9358K, committed 10112K, reserved 1048576K
}
Event: 209666.465 GC heap after
{Heap after GC invocations=2883 (full 5):
 PSYoungGen      total 4096K, used 96K [0x00000000d5580000, 0x00000000d5a80000, 0x0000000100000000)
  eden space 3584K, 0% used [0x00000000d5580000,0x00000000d5580000,0x00000000d5900000)
  from space 512K, 18% used [0x00000000d5980000,0x00000000d5998000,0x00000000d5a00000)
  to   space 512K, 0% used [0x00000000d5a00000,0x00000000d5a00000,0x00000000d5a80000)
 ParOldGen       total 505344K, used 505212K [0x0000000080000000, 0x000000009ed80000, 0x00000000d5580000)
  object space 505344K, 99% used [0x0000000080000000,0x000000009ed5f098,0x000000009ed80000)
 Metaspace       used 90639K, committed 92288K, reserved 1179648K
  class space    used 9358K, committed 10112K, reserved 1048576K
}
Event: 215213.452 GC heap before
{Heap before GC invocations=2884 (full 5):
 PSYoungGen      total 4096K, used 3680K [0x00000000d5580000, 0x00000000d5a80000, 0x0000000100000000)
  eden space 3584K, 100% used [0x00000000d5580000,0x00000000d5900000,0x00000000d5900000)
  from space 512K, 18% used [0x00000000d5980000,0x00000000d5998000,0x00000000d5a00000)
  to   space 512K, 0% used [0x00000000d5a00000,0x00000000d5a00000,0x00000000d5a80000)
 ParOldGen       total 505344K, used 505212K [0x0000000080000000, 0x000000009ed80000, 0x00000000d5580000)
  object space 505344K, 99% used [0x0000000080000000,0x000000009ed5f098,0x000000009ed80000)
 Metaspace       used 90639K, committed 92288K, reserved 1179648K
  class space    used 9358K, committed 10112K, reserved 1048576K
}
Event: 215213.467 GC heap after
{Heap after GC invocations=2884 (full 5):
 PSYoungGen      total 4096K, used 96K [0x00000000d5580000, 0x00000000d5a80000, 0x0000000100000000)
  eden space 3584K, 0% used [0x00000000d5580000,0x00000000d5580000,0x00000000d5900000)
  from space 512K, 18% used [0x00000000d5a00000,0x00000000d5a18000,0x00000000d5a80000)
  to   space 512K, 0% used [0x00000000d5980000,0x00000000d5980000,0x00000000d5a00000)
 ParOldGen       total 505344K, used 505212K [0x0000000080000000, 0x000000009ed80000, 0x00000000d5580000)
  object space 505344K, 99% used [0x0000000080000000,0x000000009ed5f098,0x000000009ed80000)
 Metaspace       used 90639K, committed 92288K, reserved 1179648K
  class space    used 9358K, committed 10112K, reserved 1048576K
}
Event: 220761.449 GC heap before
{Heap before GC invocations=2885 (full 5):
 PSYoungGen      total 4096K, used 3680K [0x00000000d5580000, 0x00000000d5a80000, 0x0000000100000000)
  eden space 3584K, 100% used [0x00000000d5580000,0x00000000d5900000,0x00000000d5900000)
  from space 512K, 18% used [0x00000000d5a00000,0x00000000d5a18000,0x00000000d5a80000)
  to   space 512K, 0% used [0x00000000d5980000,0x00000000d5980000,0x00000000d5a00000)
 ParOldGen       total 505344K, used 505212K [0x0000000080000000, 0x000000009ed80000, 0x00000000d5580000)
  object space 505344K, 99% used [0x0000000080000000,0x000000009ed5f098,0x000000009ed80000)
 Metaspace       used 90639K, committed 92288K, reserved 1179648K
  class space    used 9358K, committed 10112K, reserved 1048576K
}
Event: 220761.462 GC heap after
{Heap after GC invocations=2885 (full 5):
 PSYoungGen      total 4096K, used 128K [0x00000000d5580000, 0x00000000d5a80000, 0x0000000100000000)
  eden space 3584K, 0% used [0x00000000d5580000,0x00000000d5580000,0x00000000d5900000)
  from space 512K, 25% used [0x00000000d5980000,0x00000000d59a0000,0x00000000d5a00000)
  to   space 512K, 0% used [0x00000000d5a00000,0x00000000d5a00000,0x00000000d5a80000)
 ParOldGen       total 505344K, used 505212K [0x0000000080000000, 0x000000009ed80000, 0x00000000d5580000)
  object space 505344K, 99% used [0x0000000080000000,0x000000009ed5f098,0x000000009ed80000)
 Metaspace       used 90639K, committed 92288K, reserved 1179648K
  class space    used 9358K, committed 10112K, reserved 1048576K
}
Event: 226286.441 GC heap before
{Heap before GC invocations=2886 (full 5):
 PSYoungGen      total 4096K, used 3712K [0x00000000d5580000, 0x00000000d5a80000, 0x0000000100000000)
  eden space 3584K, 100% used [0x00000000d5580000,0x00000000d5900000,0x00000000d5900000)
  from space 512K, 25% used [0x00000000d5980000,0x00000000d59a0000,0x00000000d5a00000)
  to   space 512K, 0% used [0x00000000d5a00000,0x00000000d5a00000,0x00000000d5a80000)
 ParOldGen       total 505344K, used 505212K [0x0000000080000000, 0x000000009ed80000, 0x00000000d5580000)
  object space 505344K, 99% used [0x0000000080000000,0x000000009ed5f098,0x000000009ed80000)
 Metaspace       used 90639K, committed 92288K, reserved 1179648K
  class space    used 9358K, committed 10112K, reserved 1048576K
}
Event: 226286.456 GC heap after
{Heap after GC invocations=2886 (full 5):
 PSYoungGen      total 4096K, used 96K [0x00000000d5580000, 0x00000000d5a80000, 0x0000000100000000)
  eden space 3584K, 0% used [0x00000000d5580000,0x00000000d5580000,0x00000000d5900000)
  from space 512K, 18% used [0x00000000d5a00000,0x00000000d5a18000,0x00000000d5a80000)
  to   space 512K, 0% used [0x00000000d5980000,0x00000000d5980000,0x00000000d5a00000)
 ParOldGen       total 505344K, used 505212K [0x0000000080000000, 0x000000009ed80000, 0x00000000d5580000)
  object space 505344K, 99% used [0x0000000080000000,0x000000009ed5f098,0x000000009ed80000)
 Metaspace       used 90639K, committed 92288K, reserved 1179648K
  class space    used 9358K, committed 10112K, reserved 1048576K
}
Event: 231834.456 GC heap before
{Heap before GC invocations=2887 (full 5):
 PSYoungGen      total 4096K, used 3680K [0x00000000d5580000, 0x00000000d5a80000, 0x0000000100000000)
  eden space 3584K, 100% used [0x00000000d5580000,0x00000000d5900000,0x00000000d5900000)
  from space 512K, 18% used [0x00000000d5a00000,0x00000000d5a18000,0x00000000d5a80000)
  to   space 512K, 0% used [0x00000000d5980000,0x00000000d5980000,0x00000000d5a00000)
 ParOldGen       total 505344K, used 505212K [0x0000000080000000, 0x000000009ed80000, 0x00000000d5580000)
  object space 505344K, 99% used [0x0000000080000000,0x000000009ed5f098,0x000000009ed80000)
 Metaspace       used 90643K, committed 92288K, reserved 1179648K
  class space    used 9358K, committed 10112K, reserved 1048576K
}
Event: 231834.472 GC heap after
{Heap after GC invocations=2887 (full 5):
 PSYoungGen      total 4096K, used 64K [0x00000000d5580000, 0x00000000d5a80000, 0x0000000100000000)
  eden space 3584K, 0% used [0x00000000d5580000,0x00000000d5580000,0x00000000d5900000)
  from space 512K, 12% used [0x00000000d5980000,0x00000000d5990000,0x00000000d5a00000)
  to   space 512K, 0% used [0x00000000d5a00000,0x00000000d5a00000,0x00000000d5a80000)
 ParOldGen       total 505344K, used 505212K [0x0000000080000000, 0x000000009ed80000, 0x00000000d5580000)
  object space 505344K, 99% used [0x0000000080000000,0x000000009ed5f098,0x000000009ed80000)
 Metaspace       used 90643K, committed 92288K, reserved 1179648K
  class space    used 9358K, committed 10112K, reserved 1048576K
}
Event: 237397.451 GC heap before
{Heap before GC invocations=2888 (full 5):
 PSYoungGen      total 4096K, used 3648K [0x00000000d5580000, 0x00000000d5a80000, 0x0000000100000000)
  eden space 3584K, 100% used [0x00000000d5580000,0x00000000d5900000,0x00000000d5900000)
  from space 512K, 12% used [0x00000000d5980000,0x00000000d5990000,0x00000000d5a00000)
  to   space 512K, 0% used [0x00000000d5a00000,0x00000000d5a00000,0x00000000d5a80000)
 ParOldGen       total 505344K, used 505212K [0x0000000080000000, 0x000000009ed80000, 0x00000000d5580000)
  object space 505344K, 99% used [0x0000000080000000,0x000000009ed5f098,0x000000009ed80000)
 Metaspace       used 90643K, committed 92288K, reserved 1179648K
  class space    used 9358K, committed 10112K, reserved 1048576K
}
Event: 237397.469 GC heap after
{Heap after GC invocations=2888 (full 5):
 PSYoungGen      total 4096K, used 128K [0x00000000d5580000, 0x00000000d5a80000, 0x0000000100000000)
  eden space 3584K, 0% used [0x00000000d5580000,0x00000000d5580000,0x00000000d5900000)
  from space 512K, 25% used [0x00000000d5a00000,0x00000000d5a20000,0x00000000d5a80000)
  to   space 512K, 0% used [0x00000000d5980000,0x00000000d5980000,0x00000000d5a00000)
 ParOldGen       total 505344K, used 505212K [0x0000000080000000, 0x000000009ed80000, 0x00000000d5580000)
  object space 505344K, 99% used [0x0000000080000000,0x000000009ed5f098,0x000000009ed80000)
 Metaspace       used 90643K, committed 92288K, reserved 1179648K
  class space    used 9358K, committed 10112K, reserved 1048576K
}
Event: 242957.447 GC heap before
{Heap before GC invocations=2889 (full 5):
 PSYoungGen      total 4096K, used 3712K [0x00000000d5580000, 0x00000000d5a80000, 0x0000000100000000)
  eden space 3584K, 100% used [0x00000000d5580000,0x00000000d5900000,0x00000000d5900000)
  from space 512K, 25% used [0x00000000d5a00000,0x00000000d5a20000,0x00000000d5a80000)
  to   space 512K, 0% used [0x00000000d5980000,0x00000000d5980000,0x00000000d5a00000)
 ParOldGen       total 505344K, used 505212K [0x0000000080000000, 0x000000009ed80000, 0x00000000d5580000)
  object space 505344K, 99% used [0x0000000080000000,0x000000009ed5f098,0x000000009ed80000)
 Metaspace       used 90643K, committed 92288K, reserved 1179648K
  class space    used 9358K, committed 10112K, reserved 1048576K
}
Event: 242957.462 GC heap after
{Heap after GC invocations=2889 (full 5):
 PSYoungGen      total 4096K, used 128K [0x00000000d5580000, 0x00000000d5a80000, 0x0000000100000000)
  eden space 3584K, 0% used [0x00000000d5580000,0x00000000d5580000,0x00000000d5900000)
  from space 512K, 25% used [0x00000000d5980000,0x00000000d59a0000,0x00000000d5a00000)
  to   space 512K, 0% used [0x00000000d5a00000,0x00000000d5a00000,0x00000000d5a80000)
 ParOldGen       total 505344K, used 505212K [0x0000000080000000, 0x000000009ed80000, 0x00000000d5580000)
  object space 505344K, 99% used [0x0000000080000000,0x000000009ed5f098,0x000000009ed80000)
 Metaspace       used 90643K, committed 92288K, reserved 1179648K
  class space    used 9358K, committed 10112K, reserved 1048576K
}

Dll operation events (12 events):
Event: 0.007 Loaded shared library c:\Users\Student\.vscode\extensions\redhat.java-1.44.0-win32-x64\jre\21.0.8-win32-x86_64\bin\java.dll
Event: 0.023 Loaded shared library c:\Users\Student\.vscode\extensions\redhat.java-1.44.0-win32-x64\jre\21.0.8-win32-x86_64\bin\zip.dll
Event: 0.059 Loaded shared library C:\Users\Student\.vscode\extensions\redhat.java-1.44.0-win32-x64\jre\21.0.8-win32-x86_64\bin\instrument.dll
Event: 0.062 Loaded shared library C:\Users\Student\.vscode\extensions\redhat.java-1.44.0-win32-x64\jre\21.0.8-win32-x86_64\bin\net.dll
Event: 0.064 Loaded shared library C:\Users\Student\.vscode\extensions\redhat.java-1.44.0-win32-x64\jre\21.0.8-win32-x86_64\bin\nio.dll
Event: 0.067 Loaded shared library C:\Users\Student\.vscode\extensions\redhat.java-1.44.0-win32-x64\jre\21.0.8-win32-x86_64\bin\zip.dll
Event: 0.079 Loaded shared library C:\Users\Student\.vscode\extensions\redhat.java-1.44.0-win32-x64\jre\21.0.8-win32-x86_64\bin\jimage.dll
Event: 0.126 Loaded shared library c:\Users\Student\.vscode\extensions\redhat.java-1.44.0-win32-x64\jre\21.0.8-win32-x86_64\bin\verify.dll
Event: 1.121 Loaded shared library C:\Users\Student\AppData\Roaming\Code\User\globalStorage\redhat.java\1.44.0\config_win\org.eclipse.equinox.launcher\org.eclipse.equinox.launcher.win32.win32.x86_64_1.2.1400.v20250730-1736\eclipse_11913.dll
Event: 2.407 Loaded shared library C:\Users\Student\AppData\Local\Temp\jna--214492645\jna7555957657542813428.dll
Event: 3.417 Loaded shared library C:\Users\Student\.vscode\extensions\redhat.java-1.44.0-win32-x64\jre\21.0.8-win32-x86_64\bin\sunmscapi.dll
Event: 3.510 Loaded shared library C:\Users\Student\.vscode\extensions\redhat.java-1.44.0-win32-x64\jre\21.0.8-win32-x86_64\bin\extnet.dll

Deoptimization events (20 events):
Event: 161945.265 Thread 0x0000028879de0bf0 DEOPT PACKING pc=0x0000028824ed1cf8 sp=0x000000b5884fe420
Event: 161945.265 Thread 0x0000028879de0bf0 DEOPT UNPACKING pc=0x0000028823a53aa2 sp=0x000000b5884fe2b0 mode 2
Event: 161945.288 Thread 0x0000028879de0bf0 Uncommon trap: trap_request=0xffffff45 fr.pc=0x00000288241f4944 relative=0x0000000000000424
Event: 161945.288 Thread 0x0000028879de4070 Uncommon trap: trap_request=0xffffff45 fr.pc=0x00000288241f4944 relative=0x0000000000000424
Event: 161945.288 Thread 0x0000028879de0bf0 Uncommon trap: reason=unstable_if action=reinterpret pc=0x00000288241f4944 method=org.eclipse.core.internal.resources.Resource.getLocation()Lorg/eclipse/core/runtime/IPath; @ 15 c2
Event: 161945.288 Thread 0x0000028879de4070 Uncommon trap: reason=unstable_if action=reinterpret pc=0x00000288241f4944 method=org.eclipse.core.internal.resources.Resource.getLocation()Lorg/eclipse/core/runtime/IPath; @ 15 c2
Event: 161945.288 Thread 0x0000028879de4070 DEOPT PACKING pc=0x00000288241f4944 sp=0x000000b588dfeb00
Event: 161945.288 Thread 0x0000028879de0bf0 DEOPT PACKING pc=0x00000288241f4944 sp=0x000000b5884fefb0
Event: 161945.288 Thread 0x0000028879de4070 DEOPT UNPACKING pc=0x0000028823a53aa2 sp=0x000000b588dfeaa8 mode 2
Event: 161945.288 Thread 0x0000028879de0bf0 DEOPT UNPACKING pc=0x0000028823a53aa2 sp=0x000000b5884fef58 mode 2
Event: 161947.700 Thread 0x0000028879de5420 Uncommon trap: trap_request=0xffffffde fr.pc=0x0000028824cef4b4 relative=0x0000000000000694
Event: 161947.700 Thread 0x0000028879de5420 Uncommon trap: reason=class_check action=maybe_recompile pc=0x0000028824cef4b4 method=com.google.gson.internal.bind.MapTypeAdapterFactory$Adapter.read(Lcom/google/gson/stream/JsonReader;)Ljava/util/Map; @ 1 c2
Event: 161947.700 Thread 0x0000028879de5420 DEOPT PACKING pc=0x0000028824cef4b4 sp=0x000000b5890fe5b0
Event: 161947.700 Thread 0x0000028879de5420 DEOPT UNPACKING pc=0x0000028823a53aa2 sp=0x000000b5890fe548 mode 2
Event: 162104.251 Thread 0x0000028879de2630 DEOPT PACKING pc=0x000002881e8e611d sp=0x000000b5892fde80
Event: 162104.251 Thread 0x0000028879de2630 DEOPT UNPACKING pc=0x0000028823a54242 sp=0x000000b5892fd330 mode 0
Event: 162116.009 Thread 0x0000028879de2cc0 Uncommon trap: trap_request=0xffffffde fr.pc=0x000002882531cad4 relative=0x0000000000000df4
Event: 162116.009 Thread 0x0000028879de2cc0 Uncommon trap: reason=class_check action=maybe_recompile pc=0x000002882531cad4 method=java.util.concurrent.ThreadPoolExecutor.getTask()Ljava/lang/Runnable; @ 137 c2
Event: 162116.009 Thread 0x0000028879de2cc0 DEOPT PACKING pc=0x000002882531cad4 sp=0x000000b585bdeef0
Event: 162116.009 Thread 0x0000028879de2cc0 DEOPT UNPACKING pc=0x0000028823a53aa2 sp=0x000000b585bdeeb0 mode 2

Classes loaded (20 events):
Event: 3466.275 Loading class java/nio/HeapByteBufferR
Event: 3466.275 Loading class java/nio/HeapByteBufferR done
Event: 3468.509 Loading class jdk/internal/module/IllegalAccessLogger
Event: 3468.509 Loading class jdk/internal/module/IllegalAccessLogger done
Event: 3468.537 Loading class jdk/internal/module/IllegalAccessLogger
Event: 3468.537 Loading class jdk/internal/module/IllegalAccessLogger done
Event: 3487.793 Loading class jdk/internal/module/IllegalAccessLogger
Event: 3487.793 Loading class jdk/internal/module/IllegalAccessLogger done
Event: 3487.822 Loading class jdk/internal/module/IllegalAccessLogger
Event: 3487.822 Loading class jdk/internal/module/IllegalAccessLogger done
Event: 3500.160 Loading class jdk/internal/module/IllegalAccessLogger
Event: 3500.160 Loading class jdk/internal/module/IllegalAccessLogger done
Event: 3500.188 Loading class jdk/internal/module/IllegalAccessLogger
Event: 3500.188 Loading class jdk/internal/module/IllegalAccessLogger done
Event: 3625.997 Loading class jdk/internal/module/IllegalAccessLogger
Event: 3625.997 Loading class jdk/internal/module/IllegalAccessLogger done
Event: 3838.931 Loading class jdk/internal/module/IllegalAccessLogger
Event: 3838.931 Loading class jdk/internal/module/IllegalAccessLogger done
Event: 156643.160 Loading class jdk/internal/access/JavaAWTAccess
Event: 156643.165 Loading class jdk/internal/access/JavaAWTAccess done

Classes unloaded (20 events):
Event: 3377.212 Thread 0x0000028819354920 Unloading class 0x00000288317596f8 'org/apache/maven/shared/filtering/MavenReaderFilterRequest'
Event: 3377.212 Thread 0x0000028819354920 Unloading class 0x00000288317593e0 'org/apache/maven/shared/filtering/MavenFileFilterRequest'
Event: 3377.212 Thread 0x0000028819354920 Unloading class 0x00000288317591e0 'org/codehaus/plexus/interpolation/Interpolator'
Event: 3377.212 Thread 0x0000028819354920 Unloading class 0x0000028831758fe0 'org/codehaus/plexus/interpolation/BasicInterpolator'
Event: 3377.212 Thread 0x0000028819354920 Unloading class 0x0000028831758de0 'org/codehaus/plexus/interpolation/ValueSource'
Event: 3377.212 Thread 0x0000028819354920 Unloading class 0x0000028831758a18 'org/apache/maven/shared/filtering/MavenResourcesExecution'
Event: 3377.212 Thread 0x0000028819354920 Unloading class 0x0000028831758740 'org/apache/maven/shared/filtering/AbstractMavenFilteringRequest'
Event: 3377.212 Thread 0x0000028819354920 Unloading class 0x00000288317584e0 'org/apache/maven/shared/filtering/MavenFilteringException'
Event: 3377.212 Thread 0x0000028819354920 Unloading class 0x0000028831758290 'org/apache/maven/shared/filtering/DefaultMavenResourcesFiltering'
Event: 3377.212 Thread 0x0000028819354920 Unloading class 0x0000028831753e00 'org/apache/maven/shared/filtering/MavenResourcesFiltering'
Event: 3377.212 Thread 0x0000028819354920 Unloading class 0x0000028831758000 'org/apache/maven/shared/filtering/DefaultMavenReaderFilter'
Event: 3377.212 Thread 0x0000028819354920 Unloading class 0x0000028831753c00 'org/apache/maven/shared/filtering/MavenReaderFilter'
Event: 3377.212 Thread 0x0000028819354920 Unloading class 0x0000028831753960 'org/apache/maven/shared/filtering/DefaultMavenFileFilter'
Event: 3377.212 Thread 0x0000028819354920 Unloading class 0x0000028831753710 'org/apache/maven/shared/filtering/BaseFilter'
Event: 3377.212 Thread 0x0000028819354920 Unloading class 0x0000028831753510 'org/apache/maven/shared/filtering/MavenFileFilter'
Event: 3377.212 Thread 0x0000028819354920 Unloading class 0x0000028831753310 'org/apache/maven/shared/filtering/DefaultFilterInfo'
Event: 3377.212 Thread 0x0000028819354920 Unloading class 0x0000028831753000 'org/apache/maven/plugins/resources/TestResourcesMojo'
Event: 3377.212 Thread 0x0000028819354920 Unloading class 0x0000028831752400 'org/apache/maven/plugins/maven_resources_plugin/HelpMojo'
Event: 3377.212 Thread 0x0000028819354920 Unloading class 0x0000028831752b10 'org/apache/maven/plugins/resources/CopyResourcesMojo'
Event: 3377.212 Thread 0x0000028819354920 Unloading class 0x0000028831752800 'org/apache/maven/plugins/resources/ResourcesMojo'

Classes redefined (0 events):
No events

Internal exceptions (20 events):
Event: 161947.606 Thread 0x0000028879de0bf0 Exception <a 'sun/nio/fs/WindowsException'{0x00000000d55ab928}> (0x00000000d55ab928) 
thrown [s\src\hotspot\share\prims\jni.cpp, line 520]
Event: 161947.607 Thread 0x0000028879de0bf0 Exception <a 'sun/nio/fs/WindowsException'{0x00000000d55acc28}> (0x00000000d55acc28) 
thrown [s\src\hotspot\share\prims\jni.cpp, line 520]
Event: 161947.607 Thread 0x0000028879de0bf0 Exception <a 'sun/nio/fs/WindowsException'{0x00000000d55ad790}> (0x00000000d55ad790) 
thrown [s\src\hotspot\share\prims\jni.cpp, line 520]
Event: 161947.607 Thread 0x0000028879de0bf0 Exception <a 'sun/nio/fs/WindowsException'{0x00000000d55af4c0}> (0x00000000d55af4c0) 
thrown [s\src\hotspot\share\prims\jni.cpp, line 520]
Event: 161947.607 Thread 0x0000028879de0bf0 Exception <a 'sun/nio/fs/WindowsException'{0x00000000d55afd78}> (0x00000000d55afd78) 
thrown [s\src\hotspot\share\prims\jni.cpp, line 520]
Event: 161947.608 Thread 0x0000028879de0bf0 Exception <a 'sun/nio/fs/WindowsException'{0x00000000d55c9c30}> (0x00000000d55c9c30) 
thrown [s\src\hotspot\share\prims\jni.cpp, line 520]
Event: 161947.608 Thread 0x0000028879de0bf0 Exception <a 'sun/nio/fs/WindowsException'{0x00000000d55ca798}> (0x00000000d55ca798) 
thrown [s\src\hotspot\share\prims\jni.cpp, line 520]
Event: 161947.704 Thread 0x0000028879de5420 Exception <a 'sun/nio/fs/WindowsException'{0x00000000d568dec8}> (0x00000000d568dec8) 
thrown [s\src\hotspot\share\prims\jni.cpp, line 520]
Event: 161947.704 Thread 0x0000028879de5420 Exception <a 'sun/nio/fs/WindowsException'{0x00000000d56937f0}> (0x00000000d56937f0) 
thrown [s\src\hotspot\share\prims\jni.cpp, line 520]
Event: 162115.097 Thread 0x0000028879ddeb20 Exception <a 'sun/nio/fs/WindowsException'{0x00000000d55a5ad8}> (0x00000000d55a5ad8) 
thrown [s\src\hotspot\share\prims\jni.cpp, line 520]
Event: 162115.097 Thread 0x0000028879ddeb20 Exception <a 'sun/nio/fs/WindowsException'{0x00000000d55a6640}> (0x00000000d55a6640) 
thrown [s\src\hotspot\share\prims\jni.cpp, line 520]
Event: 162115.097 Thread 0x0000028879ddeb20 Exception <a 'sun/nio/fs/WindowsException'{0x00000000d55a7940}> (0x00000000d55a7940) 
thrown [s\src\hotspot\share\prims\jni.cpp, line 520]
Event: 162115.097 Thread 0x0000028879ddeb20 Exception <a 'sun/nio/fs/WindowsException'{0x00000000d55a84a8}> (0x00000000d55a84a8) 
thrown [s\src\hotspot\share\prims\jni.cpp, line 520]
Event: 162115.097 Thread 0x0000028879ddeb20 Exception <a 'sun/nio/fs/WindowsException'{0x00000000d55aa1d8}> (0x00000000d55aa1d8) 
thrown [s\src\hotspot\share\prims\jni.cpp, line 520]
Event: 162115.097 Thread 0x0000028879ddeb20 Exception <a 'sun/nio/fs/WindowsException'{0x00000000d55aaa90}> (0x00000000d55aaa90) 
thrown [s\src\hotspot\share\prims\jni.cpp, line 520]
Event: 162115.098 Thread 0x0000028879ddeb20 Exception <a 'sun/nio/fs/WindowsException'{0x00000000d55c48e0}> (0x00000000d55c48e0) 
thrown [s\src\hotspot\share\prims\jni.cpp, line 520]
Event: 162115.098 Thread 0x0000028879ddeb20 Exception <a 'sun/nio/fs/WindowsException'{0x00000000d55c5448}> (0x00000000d55c5448) 
thrown [s\src\hotspot\share\prims\jni.cpp, line 520]
Event: 162115.177 Thread 0x0000028879ddf1b0 Exception <a 'sun/nio/fs/WindowsException'{0x00000000d5679970}> (0x00000000d5679970) 
thrown [s\src\hotspot\share\prims\jni.cpp, line 520]
Event: 162115.177 Thread 0x0000028879ddf1b0 Exception <a 'sun/nio/fs/WindowsException'{0x00000000d567e840}> (0x00000000d567e840) 
thrown [s\src\hotspot\share\prims\jni.cpp, line 520]
Event: 185513.011 Thread 0x000002887ced3910 Exception <a 'java/lang/IncompatibleClassChangeError'{0x00000000d57bbe40}: Found class java.lang.Object, but interface was expected> (0x00000000d57bbe40) 
thrown [s\src\hotspot\share\interpreter\linkResolver.cpp, line 840]

ZGC Phase Switch (0 events):
No events

VM Operations (20 events):
Event: 240638.539 Executing VM operation: RendezvousGCThreads
Event: 240638.539 Executing VM operation: RendezvousGCThreads done
Event: 242441.757 Executing VM operation: HandshakeAllThreads (HandshakeForDeflation)
Event: 242441.757 Executing VM operation: HandshakeAllThreads (HandshakeForDeflation) done
Event: 242441.757 Executing VM operation: RendezvousGCThreads
Event: 242441.757 Executing VM operation: RendezvousGCThreads done
Event: 242957.447 Executing VM operation: ParallelGCFailedAllocation (Allocation Failure)
Event: 242957.462 Executing VM operation: ParallelGCFailedAllocation (Allocation Failure) done
Event: 244365.219 Executing VM operation: HandshakeAllThreads (HandshakeForDeflation)
Event: 244365.220 Executing VM operation: HandshakeAllThreads (HandshakeForDeflation) done
Event: 244365.220 Executing VM operation: RendezvousGCThreads
Event: 244365.220 Executing VM operation: RendezvousGCThreads done
Event: 244605.658 Executing VM operation: HandshakeAllThreads (HandshakeForDeflation)
Event: 244605.659 Executing VM operation: HandshakeAllThreads (HandshakeForDeflation) done
Event: 244605.659 Executing VM operation: RendezvousGCThreads
Event: 244605.659 Executing VM operation: RendezvousGCThreads done
Event: 245146.659 Executing VM operation: HandshakeAllThreads (HandshakeForDeflation)
Event: 245146.659 Executing VM operation: HandshakeAllThreads (HandshakeForDeflation) done
Event: 245146.659 Executing VM operation: RendezvousGCThreads
Event: 245146.659 Executing VM operation: RendezvousGCThreads done

Memory protections (0 events):
No events

Nmethod flushes (20 events):
Event: 3377.236 Thread 0x0000028819354920 flushing  nmethod 0x000002881e7a2990
Event: 3377.236 Thread 0x0000028819354920 flushing  nmethod 0x000002881e7bb690
Event: 3377.236 Thread 0x0000028819354920 flushing  nmethod 0x000002881e7ccf90
Event: 3377.236 Thread 0x0000028819354920 flushing  nmethod 0x000002881e7cd710
Event: 3377.236 Thread 0x0000028819354920 flushing  nmethod 0x000002881e7ce110
Event: 3377.236 Thread 0x0000028819354920 flushing  nmethod 0x000002881e7ce590
Event: 3377.236 Thread 0x0000028819354920 flushing  nmethod 0x000002881e7cea10
Event: 3377.236 Thread 0x0000028819354920 flushing  nmethod 0x000002881e7cf590
Event: 3377.236 Thread 0x0000028819354920 flushing  nmethod 0x000002881e7d2e90
Event: 3377.236 Thread 0x0000028819354920 flushing  nmethod 0x000002881e7db690
Event: 3377.236 Thread 0x0000028819354920 flushing  nmethod 0x000002881e7e3a90
Event: 3377.236 Thread 0x0000028819354920 flushing  nmethod 0x000002881e813f10
Event: 3377.236 Thread 0x0000028819354920 flushing  nmethod 0x000002881e8c7990
Event: 3377.236 Thread 0x0000028819354920 flushing  nmethod 0x000002881e8e2510
Event: 3377.236 Thread 0x0000028819354920 flushing  nmethod 0x000002881e94af10
Event: 3377.236 Thread 0x0000028819354920 flushing  nmethod 0x000002881e950910
Event: 3377.236 Thread 0x0000028819354920 flushing  nmethod 0x000002881e951210
Event: 3377.236 Thread 0x0000028819354920 flushing  nmethod 0x000002881e954090
Event: 3377.236 Thread 0x0000028819354920 flushing  nmethod 0x000002881e954410
Event: 3377.236 Thread 0x0000028819354920 flushing  nmethod 0x000002881e955090

Events (20 events):
Event: 188406.884 Thread 0x0000028879de0bf0 Thread added: 0x0000028879ddf1b0
Event: 188406.888 Thread 0x0000028879de1910 Thread exited: 0x0000028879de1910
Event: 192906.925 Thread 0x0000028879de0bf0 Thread added: 0x0000028879ddde00
Event: 192906.925 Thread 0x0000028879ddf1b0 Thread exited: 0x0000028879ddf1b0
Event: 195606.939 Thread 0x0000028879ddde00 Thread added: 0x0000028879ddeb20
Event: 195606.944 Thread 0x0000028879de0bf0 Thread exited: 0x0000028879de0bf0
Event: 197406.949 Thread 0x0000028879ddde00 Thread added: 0x0000028879ddfed0
Event: 197466.967 Thread 0x0000028879ddde00 Thread exited: 0x0000028879ddde00
Event: 199206.973 Thread 0x0000028879ddfed0 Thread added: 0x0000028879de0bf0
Event: 199266.996 Thread 0x0000028879ddeb20 Thread exited: 0x0000028879ddeb20
Event: 200106.993 Thread 0x0000028879de0bf0 Thread added: 0x0000028879ddde00
Event: 200106.993 Thread 0x0000028879ddfed0 Thread exited: 0x0000028879ddfed0
Event: 212707.189 Thread 0x0000028879de0bf0 Thread added: 0x0000028879ddf1b0
Event: 212707.189 Thread 0x0000028879ddde00 Thread exited: 0x0000028879ddde00
Event: 220807.260 Thread 0x0000028879ddf1b0 Thread added: 0x0000028879ddfed0
Event: 220867.268 Thread 0x0000028879de0bf0 Thread exited: 0x0000028879de0bf0
Event: 226207.309 Thread 0x0000028879ddfed0 Thread added: 0x0000028879de0560
Event: 226207.309 Thread 0x0000028879ddf1b0 Thread exited: 0x0000028879ddf1b0
Event: 229807.342 Thread 0x0000028879ddfed0 Thread added: 0x0000028879de0bf0
Event: 229807.344 Thread 0x0000028879de0560 Thread exited: 0x0000028879de0560


Dynamic libraries:
0x00007ff747110000 - 0x00007ff74711e000 	c:\Users\Student\.vscode\extensions\redhat.java-1.44.0-win32-x64\jre\21.0.8-win32-x86_64\bin\java.exe
0x00007ffdc4920000 - 0x00007ffdc4b87000 	C:\Windows\SYSTEM32\ntdll.dll
0x00007ffdc3d20000 - 0x00007ffdc3de9000 	C:\Windows\System32\KERNEL32.DLL
0x00007ffdc1f10000 - 0x00007ffdc2300000 	C:\Windows\System32\KERNELBASE.dll
0x00007ffdc1c80000 - 0x00007ffdc1dcb000 	C:\Windows\System32\ucrtbase.dll
0x00007ffd9bf80000 - 0x00007ffd9bf9e000 	c:\Users\Student\.vscode\extensions\redhat.java-1.44.0-win32-x64\jre\21.0.8-win32-x86_64\bin\VCRUNTIME140.dll
0x00007ffd9bf30000 - 0x00007ffd9bf48000 	c:\Users\Student\.vscode\extensions\redhat.java-1.44.0-win32-x64\jre\21.0.8-win32-x86_64\bin\jli.dll
0x00007ffdc4520000 - 0x00007ffdc46e5000 	C:\Windows\System32\USER32.dll
0x00007ffdc2310000 - 0x00007ffdc2337000 	C:\Windows\System32\win32u.dll
0x00007ffdc46f0000 - 0x00007ffdc471b000 	C:\Windows\System32\GDI32.dll
0x00007ffdc1dd0000 - 0x00007ffdc1f08000 	C:\Windows\System32\gdi32full.dll
0x00007ffdc1a50000 - 0x00007ffdc1af3000 	C:\Windows\System32\msvcp_win.dll
0x00007ffdad500000 - 0x00007ffdad79a000 	C:\Windows\WinSxS\amd64_microsoft.windows.common-controls_6595b64144ccf1df_6.0.26100.4768_none_3e0c112ce331287c\COMCTL32.dll
0x00007ffdc30f0000 - 0x00007ffdc3199000 	C:\Windows\System32\msvcrt.dll
0x00007ffdc26b0000 - 0x00007ffdc26df000 	C:\Windows\System32\IMM32.DLL
0x00007ffdb4180000 - 0x00007ffdb418c000 	c:\Users\Student\.vscode\extensions\redhat.java-1.44.0-win32-x64\jre\21.0.8-win32-x86_64\bin\vcruntime140_1.dll
0x00007ffd8b550000 - 0x00007ffd8b5dd000 	c:\Users\Student\.vscode\extensions\redhat.java-1.44.0-win32-x64\jre\21.0.8-win32-x86_64\bin\msvcp140.dll
0x00007ffd568e0000 - 0x00007ffd57677000 	c:\Users\Student\.vscode\extensions\redhat.java-1.44.0-win32-x64\jre\21.0.8-win32-x86_64\bin\server\jvm.dll
0x00007ffdc26f0000 - 0x00007ffdc27a4000 	C:\Windows\System32\ADVAPI32.dll
0x00007ffdc2a90000 - 0x00007ffdc2b36000 	C:\Windows\System32\sechost.dll
0x00007ffdc4400000 - 0x00007ffdc4518000 	C:\Windows\System32\RPCRT4.dll
0x00007ffdc3ef0000 - 0x00007ffdc3f64000 	C:\Windows\System32\WS2_32.dll
0x00007ffdc1440000 - 0x00007ffdc149e000 	C:\Windows\SYSTEM32\POWRPROF.dll
0x00007ffdb40b0000 - 0x00007ffdb40e5000 	C:\Windows\SYSTEM32\WINMM.dll
0x00007ffdbf380000 - 0x00007ffdbf38b000 	C:\Windows\SYSTEM32\VERSION.dll
0x00007ffdc1420000 - 0x00007ffdc1434000 	C:\Windows\SYSTEM32\UMPDC.dll
0x00007ffdc0790000 - 0x00007ffdc07ab000 	C:\Windows\SYSTEM32\kernel.appcore.dll
0x00007ffdb40f0000 - 0x00007ffdb40fa000 	c:\Users\Student\.vscode\extensions\redhat.java-1.44.0-win32-x64\jre\21.0.8-win32-x86_64\bin\jimage.dll
0x00007ffdafd30000 - 0x00007ffdaff71000 	C:\Windows\SYSTEM32\DBGHELP.DLL
0x00007ffdc2b40000 - 0x00007ffdc2ec5000 	C:\Windows\System32\combase.dll
0x00007ffdc27b0000 - 0x00007ffdc2890000 	C:\Windows\System32\OLEAUT32.dll
0x00007ffda2320000 - 0x00007ffda2363000 	C:\Windows\SYSTEM32\dbgcore.DLL
0x00007ffdc24c0000 - 0x00007ffdc2559000 	C:\Windows\System32\bcryptPrimitives.dll
0x00007ffdb1ea0000 - 0x00007ffdb1eaf000 	c:\Users\Student\.vscode\extensions\redhat.java-1.44.0-win32-x64\jre\21.0.8-win32-x86_64\bin\instrument.dll
0x00007ffda0e00000 - 0x00007ffda0e1f000 	c:\Users\Student\.vscode\extensions\redhat.java-1.44.0-win32-x64\jre\21.0.8-win32-x86_64\bin\java.dll
0x00007ffdc3240000 - 0x00007ffdc398d000 	C:\Windows\System32\SHELL32.dll
0x00007ffdc2340000 - 0x00007ffdc24b3000 	C:\Windows\System32\wintypes.dll
0x00007ffdbf610000 - 0x00007ffdbfe70000 	C:\Windows\SYSTEM32\windows.storage.dll
0x00007ffdc2f60000 - 0x00007ffdc3055000 	C:\Windows\System32\SHCORE.dll
0x00007ffdc31d0000 - 0x00007ffdc323a000 	C:\Windows\System32\shlwapi.dll
0x00007ffdc1970000 - 0x00007ffdc1999000 	C:\Windows\SYSTEM32\profapi.dll
0x00007ffd9bfb0000 - 0x00007ffd9bfc8000 	c:\Users\Student\.vscode\extensions\redhat.java-1.44.0-win32-x64\jre\21.0.8-win32-x86_64\bin\zip.dll
0x00007ffdb1a30000 - 0x00007ffdb1a40000 	C:\Users\Student\.vscode\extensions\redhat.java-1.44.0-win32-x64\jre\21.0.8-win32-x86_64\bin\net.dll
0x00007ffdbb650000 - 0x00007ffdbb76e000 	C:\Windows\SYSTEM32\WINHTTP.dll
0x00007ffdc0d00000 - 0x00007ffdc0d6b000 	C:\Windows\system32\mswsock.dll
0x00007ffd9bf10000 - 0x00007ffd9bf26000 	C:\Users\Student\.vscode\extensions\redhat.java-1.44.0-win32-x64\jre\21.0.8-win32-x86_64\bin\nio.dll
0x00007ffdb1850000 - 0x00007ffdb1860000 	c:\Users\Student\.vscode\extensions\redhat.java-1.44.0-win32-x64\jre\21.0.8-win32-x86_64\bin\verify.dll
0x00007ffd8ac30000 - 0x00007ffd8ac75000 	C:\Users\Student\AppData\Roaming\Code\User\globalStorage\redhat.java\1.44.0\config_win\org.eclipse.equinox.launcher\org.eclipse.equinox.launcher.win32.win32.x86_64_1.2.1400.v20250730-1736\eclipse_11913.dll
0x00007ffdc3b00000 - 0x00007ffdc3ca0000 	C:\Windows\System32\ole32.dll
0x00007ffdc10e0000 - 0x00007ffdc10fb000 	C:\Windows\SYSTEM32\CRYPTSP.dll
0x00007ffdc06f0000 - 0x00007ffdc072b000 	C:\Windows\system32\rsaenh.dll
0x00007ffdc0da0000 - 0x00007ffdc0dcb000 	C:\Windows\SYSTEM32\USERENV.dll
0x00007ffdc1940000 - 0x00007ffdc1966000 	C:\Windows\SYSTEM32\bcrypt.dll
0x00007ffdc0f40000 - 0x00007ffdc0f4c000 	C:\Windows\SYSTEM32\CRYPTBASE.dll
0x00007ffdc0180000 - 0x00007ffdc01b3000 	C:\Windows\SYSTEM32\IPHLPAPI.DLL
0x00007ffdc3d10000 - 0x00007ffdc3d1a000 	C:\Windows\System32\NSI.dll
0x00007ffd89430000 - 0x00007ffd89479000 	C:\Users\Student\AppData\Local\Temp\jna--214492645\jna7555957657542813428.dll
0x00007ffdc4740000 - 0x00007ffdc4748000 	C:\Windows\System32\PSAPI.DLL
0x00007ffdbbe10000 - 0x00007ffdbbe2f000 	C:\Windows\SYSTEM32\dhcpcsvc6.DLL
0x00007ffdbba70000 - 0x00007ffdbba95000 	C:\Windows\SYSTEM32\dhcpcsvc.DLL
0x00007ffdaaf90000 - 0x00007ffdaaf9e000 	C:\Users\Student\.vscode\extensions\redhat.java-1.44.0-win32-x64\jre\21.0.8-win32-x86_64\bin\sunmscapi.dll
0x00007ffdc1b00000 - 0x00007ffdc1c77000 	C:\Windows\System32\CRYPT32.dll
0x00007ffdc12b0000 - 0x00007ffdc12e0000 	C:\Windows\SYSTEM32\ncrypt.dll
0x00007ffdc1260000 - 0x00007ffdc129f000 	C:\Windows\SYSTEM32\NTASN1.dll
0x00007ffdc01c0000 - 0x00007ffdc02e6000 	C:\Windows\SYSTEM32\DNSAPI.dll
0x00007ffdb3a30000 - 0x00007ffdb3a3b000 	C:\Windows\System32\rasadhlp.dll
0x00007ffdbac30000 - 0x00007ffdbacb6000 	C:\Windows\System32\fwpuclnt.dll
0x00007ffdaaf40000 - 0x00007ffdaaf49000 	C:\Users\Student\.vscode\extensions\redhat.java-1.44.0-win32-x64\jre\21.0.8-win32-x86_64\bin\extnet.dll
0x00007ffdc08c0000 - 0x00007ffdc08f6000 	C:\Windows\SYSTEM32\ntmarta.dll

JVMTI agents:
c:\Users\Student\.vscode\extensions\redhat.java-1.44.0-win32-x64\lombok\lombok-1.18.39-4050.jar path:c:\Users\Student\.vscode\extensions\redhat.java-1.44.0-win32-x64\jre\21.0.8-win32-x86_64\bin\instrument.dll, loaded, initialized, instrumentlib options:none

dbghelp: loaded successfully - version: 4.0.5 - missing functions: none
symbol engine: initialized successfully - sym options: 0x614 - pdb path: .;c:\Users\Student\.vscode\extensions\redhat.java-1.44.0-win32-x64\jre\21.0.8-win32-x86_64\bin;C:\Windows\SYSTEM32;C:\Windows\WinSxS\amd64_microsoft.windows.common-controls_6595b64144ccf1df_6.0.26100.4768_none_3e0c112ce331287c;c:\Users\Student\.vscode\extensions\redhat.java-1.44.0-win32-x64\jre\21.0.8-win32-x86_64\bin\server;C:\Users\Student\AppData\Roaming\Code\User\globalStorage\redhat.java\1.44.0\config_win\org.eclipse.equinox.launcher\org.eclipse.equinox.launcher.win32.win32.x86_64_1.2.1400.v20250730-1736;C:\Users\Student\AppData\Local\Temp\jna--214492645

VM Arguments:
jvm_args: --add-modules=ALL-SYSTEM --add-opens=java.base/java.util=ALL-UNNAMED --add-opens=java.base/java.lang=ALL-UNNAMED --add-opens=java.base/sun.nio.fs=ALL-UNNAMED -Declipse.application=org.eclipse.jdt.ls.core.id1 -Dosgi.bundles.defaultStartLevel=4 -Declipse.product=org.eclipse.jdt.ls.core.product -Djava.import.generatesMetadataFilesAtProjectRoot=false -DDetectVMInstallationsJob.disabled=true -Dfile.encoding=utf8 -XX:+UseParallelGC -XX:GCTimeRatio=4 -XX:AdaptiveSizePolicyWeight=90 -Dsun.zip.disableMemoryMapping=true -Xmx2G -Xms100m -Xlog:disable -javaagent:c:\Users\Student\.vscode\extensions\redhat.java-1.44.0-win32-x64\lombok\lombok-1.18.39-4050.jar -XX:+HeapDumpOnOutOfMemoryError -XX:HeapDumpPath=c:\Users\Student\AppData\Roaming\Code\User\workspaceStorage\1b2a49a7e5aaf611a4568c2a72761851\redhat.java -Daether.dependencyCollector.impl=bf 
java_command: c:\Users\Student\.vscode\extensions\redhat.java-1.44.0-win32-x64\server\plugins\org.eclipse.equinox.launcher_1.7.0.v20250519-0528.jar -configuration c:\Users\Student\AppData\Roaming\Code\User\globalStorage\redhat.java\1.44.0\config_win -data c:\Users\Student\AppData\Roaming\Code\User\workspaceStorage\1b2a49a7e5aaf611a4568c2a72761851\redhat.java\jdt_ws --pipe=\\.\pipe\lsp-f7d73e993600b9aca3074a139c87e639-sock
java_class_path (initial): c:\Users\Student\.vscode\extensions\redhat.java-1.44.0-win32-x64\server\plugins\org.eclipse.equinox.launcher_1.7.0.v20250519-0528.jar
Launcher Type: SUN_STANDARD

[Global flags]
    uintx AdaptiveSizePolicyWeight                 = 90                                        {product} {command line}
     intx CICompilerCount                          = 12                                        {product} {ergonomic}
    uintx GCTimeRatio                              = 4                                         {product} {command line}
     bool HeapDumpOnOutOfMemoryError               = true                                   {manageable} {command line}
    ccstr HeapDumpPath                             = c:\Users\Student\AppData\Roaming\Code\User\workspaceStorage\1b2a49a7e5aaf611a4568c2a72761851\redhat.java         {manageable} {command line}
   size_t InitialHeapSize                          = 104857600                                 {product} {command line}
   size_t MaxHeapSize                              = 2147483648                                {product} {command line}
   size_t MaxNewSize                               = 715653120                                 {product} {ergonomic}
   size_t MinHeapDeltaBytes                        = 524288                                    {product} {ergonomic}
   size_t MinHeapSize                              = 104857600                                 {product} {command line}
   size_t NewSize                                  = 34603008                                  {product} {ergonomic}
    uintx NonNMethodCodeHeapSize                   = 7602480                                {pd product} {ergonomic}
    uintx NonProfiledCodeHeapSize                  = 122027880                              {pd product} {ergonomic}
   size_t OldSize                                  = 70254592                                  {product} {ergonomic}
    uintx ProfiledCodeHeapSize                     = 122027880                              {pd product} {ergonomic}
    uintx ReservedCodeCacheSize                    = 251658240                              {pd product} {ergonomic}
     bool SegmentedCodeCache                       = true                                      {product} {ergonomic}
   size_t SoftMaxHeapSize                          = 2147483648                             {manageable} {ergonomic}
     bool UseCompressedOops                        = true                           {product lp64_product} {ergonomic}
     bool UseLargePagesIndividualAllocation        = false                                  {pd product} {ergonomic}
     bool UseParallelGC                            = true                                      {product} {command line}

Logging:
Log output configuration:
 #0: stdout all=off uptime,level,tags foldmultilines=false
 #1: stderr all=off uptime,level,tags foldmultilines=false

Environment Variables:
JAVA_HOME=%JAVA_HOME%binbinbin
PATH=C:\Windows\system32;C:\Windows;C:\Windows\System32\Wbem;C:\Windows\System32\WindowsPowerShell\v1.0\;C:\Windows\System32\OpenSSH\;%JAVA_HOME%binbinbin;D:\jdk\script;D:\Git\cmd;;C:\Program Files\Docker\Docker\resources\bin;C:\Users\Student\AppData\Local\Microsoft\WindowsApps;D:\Microsoft VS Code\bin;%JAVA_HOME%binbinbinbin;
USERNAME=Student
OS=Windows_NT
PROCESSOR_IDENTIFIER=Intel64 Family 6 Model 151 Stepping 2, GenuineIntel
TMP=C:\Users\Student\AppData\Local\Temp
TEMP=C:\Users\Student\AppData\Local\Temp




Periodic native trim disabled

---------------  S Y S T E M  ---------------

OS:
 Windows 11 , 64 bit Build 26100 (10.0.26100.4768)
OS uptime: 3 days 19:04 hours
Hyper-V role detected

CPU: total 20 (initial active 20) (10 cores per cpu, 2 threads per core) family 6 model 151 stepping 2 microcode 0x23, cx8, cmov, fxsr, ht, mmx, 3dnowpref, sse, sse2, sse3, ssse3, sse4.1, sse4.2, popcnt, lzcnt, tsc, tscinvbit, avx, avx2, aes, erms, clmul, bmi1, bmi2, adx, sha, fma, vzeroupper, clflush, clflushopt, clwb, hv, serialize, rdtscp, rdpid, fsrm, f16c, cet_ibt, cet_ss
Processor Information for processor 0
  Max Mhz: 2100, Current Mhz: 2100, Mhz Limit: 2100
Processor Information for processor 1
  Max Mhz: 2100, Current Mhz: 2100, Mhz Limit: 2100
Processor Information for processor 2
  Max Mhz: 2100, Current Mhz: 2100, Mhz Limit: 2100
Processor Information for processor 3
  Max Mhz: 2100, Current Mhz: 2100, Mhz Limit: 2100
Processor Information for processor 4
  Max Mhz: 2100, Current Mhz: 2100, Mhz Limit: 2100
Processor Information for processor 5
  Max Mhz: 2100, Current Mhz: 2100, Mhz Limit: 2100
Processor Information for processor 6
  Max Mhz: 2100, Current Mhz: 2100, Mhz Limit: 2100
Processor Information for processor 7
  Max Mhz: 2100, Current Mhz: 2100, Mhz Limit: 2100
Processor Information for processor 8
  Max Mhz: 2100, Current Mhz: 2100, Mhz Limit: 2100
Processor Information for processor 9
  Max Mhz: 2100, Current Mhz: 2100, Mhz Limit: 2100
Processor Information for processor 10
  Max Mhz: 2100, Current Mhz: 2100, Mhz Limit: 2100
Processor Information for processor 11
  Max Mhz: 2100, Current Mhz: 2100, Mhz Limit: 2100
Processor Information for processor 12
  Max Mhz: 2100, Current Mhz: 2100, Mhz Limit: 2100
Processor Information for processor 13
  Max Mhz: 2100, Current Mhz: 2100, Mhz Limit: 2100
Processor Information for processor 14
  Max Mhz: 2100, Current Mhz: 2100, Mhz Limit: 2100
Processor Information for processor 15
  Max Mhz: 2100, Current Mhz: 2100, Mhz Limit: 2100
Processor Information for processor 16
  Max Mhz: 2100, Current Mhz: 1600, Mhz Limit: 1596
Processor Information for processor 17
  Max Mhz: 2100, Current Mhz: 1600, Mhz Limit: 1596
Processor Information for processor 18
  Max Mhz: 2100, Current Mhz: 1600, Mhz Limit: 1596
Processor Information for processor 19
  Max Mhz: 2100, Current Mhz: 1600, Mhz Limit: 1596

Memory: 4k page, system-wide physical 16147M (1446M free)
TotalPageFile size 65299M (AvailPageFile size 17M)
current process WorkingSet (physical memory assigned to process): 17M, peak: 1394M
current process commit charge ("private bytes"): 927M, peak: 1411M

vm_info: OpenJDK 64-Bit Server VM (21.0.8+9-LTS) for windows-amd64 JRE (21.0.8+9-LTS), built on 2025-07-15T00:00:00Z by "admin" with MS VC++ 17.7 (VS2022)

END.
